<?xml version="1.0" encoding="UTF-8"?>
<!-- Generated by org.testng.reporters.JUnitReportReporter -->
<testsuite hostname="smart" name="ERPTesting.AddUser" tests="1" failures="0" timestamp="28 Nov 2016 06:17:14 GMT" time="40.010" errors="0">
  <testcase name="testERP" time="40.010" classname="ERPTesting.AddUser"/>
</testsuite> <!-- ERPTesting.AddUser -->
