<?xml version="1.0" encoding="UTF-8"?>
<!-- Generated by org.testng.reporters.JUnitReportReporter -->
<testsuite hostname="smart" name="ERPTesting.Dummy" tests="1" failures="0" timestamp="28 Nov 2016 04:41:31 GMT" time="31.812" errors="0">
  <testcase name="testERP" time="31.812" classname="ERPTesting.Dummy"/>
</testsuite> <!-- ERPTesting.Dummy -->
